<?xml version="1.0" encoding="UTF-8"?>
<!-- Generated by org.testng.reporters.JUnitReportReporter -->
<testsuite skipped="0" hostname="Jerome" name="logintestcase.CorrectPassword" tests="1" failures="0" timestamp="2019-11-08T19:18:37 IST" time="20.832" errors="0">
  <testcase name="correctpassword" time="20.832" classname="logintestcase.CorrectPassword"/>
</testsuite> <!-- logintestcase.CorrectPassword -->
