<?xml version="1.0" encoding="UTF-8"?>
<!-- Generated by org.testng.reporters.JUnitReportReporter -->
<testsuite skipped="0" hostname="Jerome" name="logintestcase.Login" tests="4" failures="0" timestamp="2019-11-11T10:17:10 IST" time="74.107" errors="0">
  <testcase name="Loginwebsite" time="11.738" classname="logintestcase.Login"/>
  <testcase name="Loginwebsite" time="11.612" classname="logintestcase.Login"/>
  <testcase name="Loginwebsite" time="22.999" classname="logintestcase.Login"/>
  <testcase name="Loginwebsite" time="27.758" classname="logintestcase.Login"/>
</testsuite> <!-- logintestcase.Login -->
