<?xml version="1.0" encoding="UTF-8"?>
<!-- Generated by org.testng.reporters.JUnitReportReporter -->
<testsuite skipped="0" hostname="Jerome" name="logintestcase.BothIncorrect" tests="1" failures="0" timestamp="2019-11-08T19:18:37 IST" time="20.520" errors="0">
  <testcase name="bothincorrect" time="20.520" classname="logintestcase.BothIncorrect"/>
</testsuite> <!-- logintestcase.BothIncorrect -->
