<?xml version="1.0" encoding="UTF-8"?>
<!-- Generated by org.testng.reporters.JUnitReportReporter -->
<testsuite skipped="0" hostname="Jerome" name="logintestcase.BothCorrect" tests="1" failures="0" timestamp="2019-11-08T19:18:37 IST" time="11.576" errors="0">
  <testcase name="bothcorrect" time="11.576" classname="logintestcase.BothCorrect"/>
</testsuite> <!-- logintestcase.BothCorrect -->
